<?xml version="1.0" encoding="UTF-8"?>
<testng-results ignored="0" total="1" passed="1" failed="0" skipped="0">
  <reporter-output>
  </reporter-output>
  <suite started-at="2024-07-26T19:11:39 IST" name="Default suite" finished-at="2024-07-26T19:11:46 IST" duration-ms="7044">
    <groups>
      <group name="regresion">
        <method signature="ManageProductTest.verifyManagerproduct()[pri:0, instance:com.sevenmartmarket.tests.ManageProductTest@3bd82cf5]" name="verifyManagerproduct" class="com.sevenmartmarket.tests.ManageProductTest"/>
      </group> <!-- regresion -->
      <group name="Smoke">
        <method signature="ManageProductTest.verifyManagerproduct()[pri:0, instance:com.sevenmartmarket.tests.ManageProductTest@3bd82cf5]" name="verifyManagerproduct" class="com.sevenmartmarket.tests.ManageProductTest"/>
      </group> <!-- Smoke -->
    </groups>
    <test started-at="2024-07-26T19:11:39 IST" name="Default test" finished-at="2024-07-26T19:11:46 IST" duration-ms="7044">
      <class name="com.sevenmartmarket.tests.ManageProductTest">
        <test-method is-config="true" signature="launchBrowser()[pri:0, instance:com.sevenmartmarket.tests.ManageProductTest@3bd82cf5]" started-at="2024-07-26T19:11:39 IST" name="launchBrowser" finished-at="2024-07-26T19:11:45 IST" duration-ms="5149" status="PASS">
          <reporter-output>
          </reporter-output>
        </test-method> <!-- launchBrowser -->
        <test-method signature="verifyManagerproduct()[pri:0, instance:com.sevenmartmarket.tests.ManageProductTest@3bd82cf5]" started-at="2024-07-26T19:11:45 IST" name="verifyManagerproduct" finished-at="2024-07-26T19:11:46 IST" duration-ms="1811" status="PASS">
          <reporter-output>
          </reporter-output>
        </test-method> <!-- verifyManagerproduct -->
        <test-method is-config="true" signature="terminateSession(org.testng.ITestResult)[pri:0, instance:com.sevenmartmarket.tests.ManageProductTest@3bd82cf5]" started-at="2024-07-26T19:11:46 IST" name="terminateSession" finished-at="2024-07-26T19:11:46 IST" duration-ms="3" status="PASS">
          <params>
            <param index="0">
              <value>
                <![CDATA[[TestResult name=verifyManagerproduct status=SUCCESS method=ManageProductTest.verifyManagerproduct()[pri:0, instance:com.sevenmartmarket.tests.ManageProductTest@3bd82cf5] output={null}]]]>
              </value>
            </param>
          </params>
          <reporter-output>
          </reporter-output>
        </test-method> <!-- terminateSession -->
      </class> <!-- com.sevenmartmarket.tests.ManageProductTest -->
    </test> <!-- Default test -->
  </suite> <!-- Default suite -->
</testng-results>
