<?xml version="1.0" encoding="UTF-8"?>
<!-- Generated by org.testng.reporters.JUnitXMLReporter -->
<testsuite ignored="3" hostname="DEVI" failures="0" tests="0" time="0.011" errors="0" timestamp="2024-07-23T10:47:58 IST">
  <testcase classname="com.sevenmartmarket.tests.AdminUser_PageTest" name="adminpageVerify" time="0.0">
    <ignored/>
  </testcase> <!-- adminpageVerify -->
  <testcase classname="com.sevenmartmarket.tests.ManageProductTest" name="verifyManagerproduct" time="0.0">
    <ignored/>
  </testcase> <!-- verifyManagerproduct -->
  <testcase classname="com.sevenmartmarket.tests.LoginTest" name="verifyLogin" time="0.0">
    <ignored/>
  </testcase> <!-- verifyLogin -->
</testsuite>
